[debug] [2017-11-07T02:34:49.468Z] ----------------------------------------------------------------------
[debug] [2017-11-07T02:34:49.470Z] Command:       /Users/carlosvilla/.nvm/versions/node/v6.10.2/bin/node /Users/carlosvilla/CIM/code/sass-export-playground/node_modules/.bin/firebase deploy
[debug] [2017-11-07T02:34:49.471Z] CLI Version:   3.14.0
[debug] [2017-11-07T02:34:49.471Z] Platform:      darwin
[debug] [2017-11-07T02:34:49.471Z] Node Version:  v6.10.2
[debug] [2017-11-07T02:34:49.471Z] Time:          Mon Nov 06 2017 21:34:49 GMT-0500 (-05)
[debug] [2017-11-07T02:34:49.471Z] ----------------------------------------------------------------------
[debug] 
[debug] [2017-11-07T02:34:49.484Z] > command requires scopes: ["email","openid","https://www.googleapis.com/auth/cloudplatformprojects.readonly","https://www.googleapis.com/auth/firebase","https://www.googleapis.com/auth/cloud-platform"]
[debug] [2017-11-07T02:34:49.484Z] > authorizing via signed-in user
[debug] [2017-11-07T02:34:49.486Z] >>> HTTP REQUEST GET https://admin.firebase.com/v1/projects/saas-export  
 Mon Nov 06 2017 21:34:49 GMT-0500 (-05)
[debug] [2017-11-07T02:34:50.071Z] <<< HTTP RESPONSE 200
[debug] [2017-11-07T02:34:50.072Z] >>> HTTP REQUEST GET https://admin.firebase.com/v1/database/saas-export/tokens  
 Mon Nov 06 2017 21:34:50 GMT-0500 (-05)
[debug] [2017-11-07T02:34:50.667Z] <<< HTTP RESPONSE 200
[info] 2
[info] 
[info] === Deploying to 'saas-export'...
[info] 
[info] i  deploying functions, hosting
[debug] [2017-11-07T02:34:51.933Z] > [functions] package.json contents: {
  "name": "functions",
  "description": "Cloud Functions for Firebase",
  "scripts": {
    "serve": "firebase serve --only functions",
    "shell": "firebase experimental:functions:shell",
    "start": "npm run shell",
    "deploy": "firebase deploy --only functions",
    "logs": "firebase functions:log"
  },
  "dependencies": {
    "firebase-admin": "~5.4.2",
    "firebase-functions": "^0.7.1",
    "sass-export": "^0.1.7"
  },
  "private": true
}
[info] i  functions: ensuring necessary APIs are enabled...
[info] i  runtimeconfig: ensuring necessary APIs are enabled...
[debug] [2017-11-07T02:34:51.934Z] >>> HTTP REQUEST GET https://servicemanagement.googleapis.com/v1/services/cloudfunctions.googleapis.com/projectSettings/saas-export?view=CONSUMER_VIEW  
 Mon Nov 06 2017 21:34:51 GMT-0500 (-05)
[debug] [2017-11-07T02:34:51.934Z] >>> HTTP REQUEST GET https://servicemanagement.googleapis.com/v1/services/runtimeconfig.googleapis.com/projectSettings/saas-export?view=CONSUMER_VIEW  
 Mon Nov 06 2017 21:34:51 GMT-0500 (-05)
[debug] [2017-11-07T02:34:52.940Z] <<< HTTP RESPONSE 200
[info] ✔  functions: all necessary APIs are enabled
[debug] [2017-11-07T02:34:53.102Z] <<< HTTP RESPONSE 200
[info] ✔  runtimeconfig: all necessary APIs are enabled
[debug] [2017-11-07T02:34:53.103Z] >>> HTTP REQUEST GET https://appengine.googleapis.com/v1/apps/saas-export  
 Mon Nov 06 2017 21:34:53 GMT-0500 (-05)
[debug] [2017-11-07T02:34:53.104Z] >>> HTTP REQUEST GET https://apikeys.googleapis.com/v1/projects/saas-export/apiKeys  
 Mon Nov 06 2017 21:34:53 GMT-0500 (-05)
[debug] [2017-11-07T02:34:53.719Z] <<< HTTP RESPONSE 200
[debug] [2017-11-07T02:34:53.834Z] <<< HTTP RESPONSE 200
[info] i  functions: preparing functions directory for uploading...
[debug] [2017-11-07T02:35:05.666Z] >>> HTTP REQUEST GET https://runtimeconfig.googleapis.com/v1beta1/projects/saas-export/configs  
 Mon Nov 06 2017 21:35:05 GMT-0500 (-05)
[debug] [2017-11-07T02:35:06.282Z] <<< HTTP RESPONSE 200
[info] i  functions: packaged functions (73.26 KB) for uploading
[debug] [2017-11-07T02:35:11.749Z] >>> HTTP REQUEST GET https://www.googleapis.com/storage/v1/b/staging.saas-export.appspot.com  
 Mon Nov 06 2017 21:35:11 GMT-0500 (-05)
[debug] [2017-11-07T02:35:12.287Z] <<< HTTP RESPONSE 200
[debug] [2017-11-07T02:35:12.289Z] >>> HTTP REQUEST POST https://www.googleapis.com/upload/storage/v1/b/staging.saas-export.appspot.com/o?uploadType=media&name=firebase-functions-source ReadStream {
  _readableState: 
   ReadableState {
     objectMode: false,
     highWaterMark: 65536,
     buffer: BufferList { head: [Object], tail: [Object], length: 1 },
     length: 65536,
     pipes: null,
     pipesCount: 0,
     flowing: null,
     ended: false,
     endEmitted: false,
     reading: false,
     sync: false,
     needReadable: false,
     emittedReadable: true,
     readableListening: false,
     resumeScheduled: false,
     defaultEncoding: 'utf8',
     ranOut: false,
     awaitDrain: 0,
     readingMore: false,
     decoder: null,
     encoding: null },
  readable: true,
  domain: null,
  _events: { end: [Function] },
  _eventsCount: 1,
  _maxListeners: undefined,
  path: '/var/folders/13/nr0_r3zd4l13mg94j8q87c5m00c7mq/T/firebase-functions-60731Uh0Os8SHWJLH.zip',
  fd: 19,
  flags: 'r',
  mode: 438,
  start: undefined,
  end: undefined,
  autoClose: true,
  pos: undefined,
  bytesRead: 65536 } 
 Mon Nov 06 2017 21:35:12 GMT-0500 (-05)
